# JRE version: OpenJDK Runtime Environment (11.0.12+7) (build 11.0.12+7-b1504.28-7817840)
# Java VM: OpenJDK 64-Bit Server VM (11.0.12+7-b1504.28-7817840, mixed mode, tiered, compressed oops, g1 gc, windows-amd64)
Heap:
 garbage-first heap   total 157696K, used 26868K [0x0000000080000000, 0x0000000100000000)
  region size 1024K, 8 young (8192K), 8 survivors (8192K)
 Metaspace       used 40517K, capacity 41471K, committed 41728K, reserved 1085440K
  class space    used 5251K, capacity 5572K, committed 5632K, reserved 1048576K
GC Heap History (13 events):
Event: 0.574 GC heap before
{Heap before GC invocations=0 (full 0):
 garbage-first heap   total 129024K, used 29696K [0x0000000080000000, 0x0000000100000000)
  region size 1024K, 24 young (24576K), 0 survivors (0K)
 Metaspace       used 10224K, capacity 10427K, committed 10624K, reserved 1058816K
  class space    used 1067K, capacity 1141K, committed 1152K, reserved 1048576K
}
Event: 0.580 GC heap after
{Heap after GC invocations=1 (full 0):
 garbage-first heap   total 129024K, used 9206K [0x0000000080000000, 0x0000000100000000)
  region size 1024K, 3 young (3072K), 3 survivors (3072K)
 Metaspace       used 10224K, capacity 10427K, committed 10624K, reserved 1058816K
  class space    used 1067K, capacity 1141K, committed 1152K, reserved 1048576K
}
Event: 0.834 GC heap before
{Heap before GC invocations=1 (full 0):
 garbage-first heap   total 129024K, used 31734K [0x0000000080000000, 0x0000000100000000)
  region size 1024K, 25 young (25600K), 3 survivors (3072K)
 Metaspace       used 11168K, capacity 11380K, committed 11520K, reserved 1058816K
  class space    used 1169K, capacity 1245K, committed 1280K, reserved 1048576K
}
Event: 0.836 GC heap after
{Heap after GC invocations=2 (full 0):
 garbage-first heap   total 129024K, used 10110K [0x0000000080000000, 0x0000000100000000)
  region size 1024K, 1 young (1024K), 1 survivors (1024K)
 Metaspace       used 11168K, capacity 11380K, committed 11520K, reserved 1058816K
  class space    used 1169K, capacity 1245K, committed 1280K, reserved 1048576K
}
Event: 1.818 GC heap before
{Heap before GC invocations=2 (full 0):
 garbage-first heap   total 129024K, used 64382K [0x0000000080000000, 0x0000000100000000)
  region size 1024K, 53 young (54272K), 1 survivors (1024K)
 Metaspace       used 17545K, capacity 17990K, committed 18176K, reserved 1064960K
  class space    used 2070K, capacity 2218K, committed 2304K, reserved 1048576K
}
Event: 1.845 GC heap after
{Heap after GC invocations=3 (full 0):
 garbage-first heap   total 129024K, used 16157K [0x0000000080000000, 0x0000000100000000)
  region size 1024K, 7 young (7168K), 7 survivors (7168K)
 Metaspace       used 17545K, capacity 17990K, committed 18176K, reserved 1064960K
  class space    used 2070K, capacity 2218K, committed 2304K, reserved 1048576K
}
Event: 2.064 GC heap before
{Heap before GC invocations=3 (full 0):
 garbage-first heap   total 129024K, used 41757K [0x0000000080000000, 0x0000000100000000)
  region size 1024K, 33 young (33792K), 7 survivors (7168K)
 Metaspace       used 20666K, capacity 21110K, committed 21248K, reserved 1067008K
  class space    used 2541K, capacity 2709K, committed 2816K, reserved 1048576K
}
Event: 2.071 GC heap after
{Heap after GC invocations=4 (full 0):
 garbage-first heap   total 129024K, used 17178K [0x0000000080000000, 0x0000000100000000)
  region size 1024K, 2 young (2048K), 2 survivors (2048K)
 Metaspace       used 20666K, capacity 21110K, committed 21248K, reserved 1067008K
  class space    used 2541K, capacity 2709K, committed 2816K, reserved 1048576K
}
Event: 2.558 GC heap before
{Heap before GC invocations=5 (full 0):
 garbage-first heap   total 129024K, used 73498K [0x0000000080000000, 0x0000000100000000)
  region size 1024K, 57 young (58368K), 2 survivors (2048K)
 Metaspace       used 26047K, capacity 26611K, committed 26752K, reserved 1073152K
  class space    used 3419K, capacity 3653K, committed 3712K, reserved 1048576K
}
Event: 2.561 GC heap after
{Heap after GC invocations=6 (full 0):
 garbage-first heap   total 129024K, used 19093K [0x0000000080000000, 0x0000000100000000)
  region size 1024K, 3 young (3072K), 3 survivors (3072K)
 Metaspace       used 26047K, capacity 26611K, committed 26752K, reserved 1073152K
  class space    used 3419K, capacity 3653K, committed 3712K, reserved 1048576K
}
Event: 3.166 GC heap before
{Heap before GC invocations=6 (full 0):
 garbage-first heap   total 129024K, used 73365K [0x0000000080000000, 0x0000000100000000)
  region size 1024K, 57 young (58368K), 3 survivors (3072K)
 Metaspace       used 35050K, capacity 35794K, committed 35840K, reserved 1081344K
  class space    used 4544K, capacity 4844K, committed 4864K, reserved 1048576K
}
Event: 3.172 GC heap after
{Heap after GC invocations=7 (full 0):
 garbage-first heap   total 129024K, used 22647K [0x0000000080000000, 0x0000000100000000)
  region size 1024K, 7 young (7168K), 7 survivors (7168K)
 Metaspace       used 35050K, capacity 35794K, committed 35840K, reserved 1081344K
  class space    used 4544K, capacity 4844K, committed 4864K, reserved 1048576K
}
Event: 3.796 GC heap before
{Heap before GC invocations=8 (full 0):
 garbage-first heap   total 129024K, used 87159K [0x0000000080000000, 0x0000000100000000)
  region size 1024K, 68 young (69632K), 7 survivors (7168K)
 Metaspace       used 40517K, capacity 41471K, committed 41728K, reserved 1085440K
  class space    used 5251K, capacity 5572K, committed 5632K, reserved 1048576K
}

