# JRE version: OpenJDK Runtime Environment (11.0.12+7) (build 11.0.12+7-b1504.28-7817840)
# Java VM: OpenJDK 64-Bit Server VM (11.0.12+7-b1504.28-7817840, mixed mode, tiered, compressed oops, g1 gc, windows-amd64)
Heap:
 garbage-first heap   total 786432K, used 364468K [0x0000000080000000, 0x0000000100000000)
  region size 1024K, 5 young (5120K), 5 survivors (5120K)
 Metaspace       used 97164K, capacity 99457K, committed 99584K, reserved 1136640K
  class space    used 12409K, capacity 13287K, committed 13312K, reserved 1048576K
GC Heap History (20 events):
Event: 17.132 GC heap after
{Heap after GC invocations=42 (full 0):
 garbage-first heap   total 270336K, used 129289K [0x0000000080000000, 0x0000000100000000)
  region size 1024K, 7 young (7168K), 7 survivors (7168K)
 Metaspace       used 94352K, capacity 96655K, committed 96896K, reserved 1132544K
  class space    used 12011K, capacity 12905K, committed 12928K, reserved 1048576K
}
Event: 17.479 GC heap before
{Heap before GC invocations=43 (full 0):
 garbage-first heap   total 270336K, used 236809K [0x0000000080000000, 0x0000000100000000)
  region size 1024K, 66 young (67584K), 7 survivors (7168K)
 Metaspace       used 96878K, capacity 99254K, committed 99328K, reserved 1134592K
  class space    used 12383K, capacity 13284K, committed 13312K, reserved 1048576K
}
Event: 17.493 GC heap after
{Heap after GC invocations=44 (full 0):
 garbage-first heap   total 270336K, used 198095K [0x0000000080000000, 0x0000000100000000)
  region size 1024K, 11 young (11264K), 11 survivors (11264K)
 Metaspace       used 96878K, capacity 99254K, committed 99328K, reserved 1134592K
  class space    used 12383K, capacity 13284K, committed 13312K, reserved 1048576K
}
Event: 17.518 GC heap before
{Heap before GC invocations=44 (full 0):
 garbage-first heap   total 272384K, used 270799K [0x0000000080000000, 0x0000000100000000)
  region size 1024K, 25 young (25600K), 11 survivors (11264K)
 Metaspace       used 96887K, capacity 99254K, committed 99328K, reserved 1134592K
  class space    used 12383K, capacity 13284K, committed 13312K, reserved 1048576K
}
Event: 17.527 GC heap after
{Heap after GC invocations=45 (full 0):
 garbage-first heap   total 356352K, used 236259K [0x0000000080000000, 0x0000000100000000)
  region size 1024K, 6 young (6144K), 6 survivors (6144K)
 Metaspace       used 96887K, capacity 99254K, committed 99328K, reserved 1134592K
  class space    used 12383K, capacity 13284K, committed 13312K, reserved 1048576K
}
Event: 17.846 GC heap before
{Heap before GC invocations=46 (full 0):
 garbage-first heap   total 356352K, used 329443K [0x0000000080000000, 0x0000000100000000)
  region size 1024K, 60 young (61440K), 6 survivors (6144K)
 Metaspace       used 97145K, capacity 99457K, committed 99584K, reserved 1136640K
  class space    used 12408K, capacity 13287K, committed 13312K, reserved 1048576K
}
Event: 17.864 GC heap after
{Heap after GC invocations=47 (full 0):
 garbage-first heap   total 361472K, used 280037K [0x0000000080000000, 0x0000000100000000)
  region size 1024K, 8 young (8192K), 8 survivors (8192K)
 Metaspace       used 97145K, capacity 99457K, committed 99584K, reserved 1136640K
  class space    used 12408K, capacity 13287K, committed 13312K, reserved 1048576K
}
Event: 17.891 GC heap before
{Heap before GC invocations=47 (full 0):
 garbage-first heap   total 361472K, used 284133K [0x0000000080000000, 0x0000000100000000)
  region size 1024K, 13 young (13312K), 8 survivors (8192K)
 Metaspace       used 97145K, capacity 99457K, committed 99584K, reserved 1136640K
  class space    used 12408K, capacity 13287K, committed 13312K, reserved 1048576K
}
Event: 17.901 GC heap after
{Heap after GC invocations=48 (full 0):
 garbage-first heap   total 361472K, used 282530K [0x0000000080000000, 0x0000000100000000)
  region size 1024K, 2 young (2048K), 2 survivors (2048K)
 Metaspace       used 97145K, capacity 99457K, committed 99584K, reserved 1136640K
  class space    used 12408K, capacity 13287K, committed 13312K, reserved 1048576K
}
Event: 18.000 GC heap before
{Heap before GC invocations=48 (full 0):
 garbage-first heap   total 361472K, used 301986K [0x0000000080000000, 0x0000000100000000)
  region size 1024K, 20 young (20480K), 2 survivors (2048K)
 Metaspace       used 97163K, capacity 99457K, committed 99584K, reserved 1136640K
  class space    used 12409K, capacity 13287K, committed 13312K, reserved 1048576K
}
Event: 18.009 GC heap after
{Heap after GC invocations=49 (full 0):
 garbage-first heap   total 361472K, used 291604K [0x0000000080000000, 0x0000000100000000)
  region size 1024K, 3 young (3072K), 3 survivors (3072K)
 Metaspace       used 97163K, capacity 99457K, committed 99584K, reserved 1136640K
  class space    used 12409K, capacity 13287K, committed 13312K, reserved 1048576K
}
Event: 18.107 GC heap before
{Heap before GC invocations=49 (full 0):
 garbage-first heap   total 361472K, used 304916K [0x0000000080000000, 0x0000000100000000)
  region size 1024K, 17 young (17408K), 3 survivors (3072K)
 Metaspace       used 97164K, capacity 99457K, committed 99584K, reserved 1136640K
  class space    used 12409K, capacity 13287K, committed 13312K, reserved 1048576K
}
Event: 18.127 GC heap after
{Heap after GC invocations=50 (full 0):
 garbage-first heap   total 457728K, used 298385K [0x0000000080000000, 0x0000000100000000)
  region size 1024K, 3 young (3072K), 3 survivors (3072K)
 Metaspace       used 97164K, capacity 99457K, committed 99584K, reserved 1136640K
  class space    used 12409K, capacity 13287K, committed 13312K, reserved 1048576K
}
Event: 18.233 GC heap before
{Heap before GC invocations=51 (full 0):
 garbage-first heap   total 457728K, used 313745K [0x0000000080000000, 0x0000000100000000)
  region size 1024K, 17 young (17408K), 3 survivors (3072K)
 Metaspace       used 97164K, capacity 99457K, committed 99584K, reserved 1136640K
  class space    used 12409K, capacity 13287K, committed 13312K, reserved 1048576K
}
Event: 18.250 GC heap after
{Heap after GC invocations=52 (full 0):
 garbage-first heap   total 457728K, used 306622K [0x0000000080000000, 0x0000000100000000)
  region size 1024K, 7 young (7168K), 7 survivors (7168K)
 Metaspace       used 97164K, capacity 99457K, committed 99584K, reserved 1136640K
  class space    used 12409K, capacity 13287K, committed 13312K, reserved 1048576K
}
Event: 18.447 GC heap before
{Heap before GC invocations=52 (full 0):
 garbage-first heap   total 457728K, used 350654K [0x0000000080000000, 0x0000000100000000)
  region size 1024K, 47 young (48128K), 7 survivors (7168K)
 Metaspace       used 97164K, capacity 99457K, committed 99584K, reserved 1136640K
  class space    used 12409K, capacity 13287K, committed 13312K, reserved 1048576K
}
Event: 18.479 GC heap after
{Heap after GC invocations=53 (full 0):
 garbage-first heap   total 457728K, used 326480K [0x0000000080000000, 0x0000000100000000)
  region size 1024K, 6 young (6144K), 6 survivors (6144K)
 Metaspace       used 97164K, capacity 99457K, committed 99584K, reserved 1136640K
  class space    used 12409K, capacity 13287K, committed 13312K, reserved 1048576K
}
Event: 18.619 GC heap before
{Heap before GC invocations=54 (full 0):
 garbage-first heap   total 457728K, used 363344K [0x0000000080000000, 0x0000000100000000)
  region size 1024K, 41 young (41984K), 6 survivors (6144K)
 Metaspace       used 97164K, capacity 99457K, committed 99584K, reserved 1136640K
  class space    used 12409K, capacity 13287K, committed 13312K, reserved 1048576K
}
Event: 18.649 GC heap after
{Heap after GC invocations=55 (full 0):
 garbage-first heap   total 457728K, used 342983K [0x0000000080000000, 0x0000000100000000)
  region size 1024K, 6 young (6144K), 6 survivors (6144K)
 Metaspace       used 97164K, capacity 99457K, committed 99584K, reserved 1136640K
  class space    used 12409K, capacity 13287K, committed 13312K, reserved 1048576K
}
Event: 18.804 GC heap before
{Heap before GC invocations=55 (full 0):
 garbage-first heap   total 457728K, used 379847K [0x0000000080000000, 0x0000000100000000)
  region size 1024K, 36 young (36864K), 6 survivors (6144K)
 Metaspace       used 97164K, capacity 99457K, committed 99584K, reserved 1136640K
  class space    used 12409K, capacity 13287K, committed 13312K, reserved 1048576K
}

