# JRE version: OpenJDK Runtime Environment (11.0.12+7) (build 11.0.12+7-b1504.28-7817840)
# Java VM: OpenJDK 64-Bit Server VM (11.0.12+7-b1504.28-7817840, mixed mode, tiered, compressed oops, g1 gc, windows-amd64)
Heap:
 garbage-first heap   total 439296K, used 296209K [0x0000000080000000, 0x0000000100000000)
  region size 1024K, 2 young (2048K), 2 survivors (2048K)
 Metaspace       used 97122K, capacity 99489K, committed 99660K, reserved 1136640K
  class space    used 12419K, capacity 13318K, committed 13440K, reserved 1048576K
GC Heap History (20 events):
Event: 12.192 GC heap after
{Heap after GC invocations=29 (full 0):
 garbage-first heap   total 225280K, used 121905K [0x0000000080000000, 0x0000000100000000)
  region size 1024K, 6 young (6144K), 6 survivors (6144K)
 Metaspace       used 93431K, capacity 95701K, committed 96076K, reserved 1132544K
  class space    used 11919K, capacity 12781K, committed 12928K, reserved 1048576K
}
Event: 12.488 GC heap before
{Heap before GC invocations=30 (full 0):
 garbage-first heap   total 225280K, used 188465K [0x0000000080000000, 0x0000000100000000)
  region size 1024K, 72 young (73728K), 6 survivors (6144K)
 Metaspace       used 93951K, capacity 96247K, committed 96588K, reserved 1132544K
  class space    used 11978K, capacity 12858K, committed 12928K, reserved 1048576K
}
Event: 12.498 GC heap after
{Heap after GC invocations=31 (full 0):
 garbage-first heap   total 270336K, used 125642K [0x0000000080000000, 0x0000000100000000)
  region size 1024K, 7 young (7168K), 7 survivors (7168K)
 Metaspace       used 93951K, capacity 96247K, committed 96588K, reserved 1132544K
  class space    used 11978K, capacity 12858K, committed 12928K, reserved 1048576K
}
Event: 12.682 GC heap before
{Heap before GC invocations=31 (full 0):
 garbage-first heap   total 270336K, used 175818K [0x0000000080000000, 0x0000000100000000)
  region size 1024K, 56 young (57344K), 7 survivors (7168K)
 Metaspace       used 94355K, capacity 96689K, committed 96972K, reserved 1132544K
  class space    used 12023K, capacity 12937K, committed 13056K, reserved 1048576K
}
Event: 12.692 GC heap after
{Heap after GC invocations=32 (full 0):
 garbage-first heap   total 270336K, used 130537K [0x0000000080000000, 0x0000000100000000)
  region size 1024K, 7 young (7168K), 7 survivors (7168K)
 Metaspace       used 94355K, capacity 96689K, committed 96972K, reserved 1132544K
  class space    used 12023K, capacity 12937K, committed 13056K, reserved 1048576K
}
Event: 12.958 GC heap before
{Heap before GC invocations=33 (full 0):
 garbage-first heap   total 270336K, used 202217K [0x0000000080000000, 0x0000000100000000)
  region size 1024K, 38 young (38912K), 7 survivors (7168K)
 Metaspace       used 94372K, capacity 96689K, committed 96972K, reserved 1132544K
  class space    used 12023K, capacity 12937K, committed 13056K, reserved 1048576K
}
Event: 12.968 GC heap after
{Heap after GC invocations=34 (full 0):
 garbage-first heap   total 270336K, used 189753K [0x0000000080000000, 0x0000000100000000)
  region size 1024K, 11 young (11264K), 11 survivors (11264K)
 Metaspace       used 94372K, capacity 96689K, committed 96972K, reserved 1132544K
  class space    used 12023K, capacity 12937K, committed 13056K, reserved 1048576K
}
Event: 13.208 GC heap before
{Heap before GC invocations=35 (full 0):
 garbage-first heap   total 270336K, used 221497K [0x0000000080000000, 0x0000000100000000)
  region size 1024K, 23 young (23552K), 11 survivors (11264K)
 Metaspace       used 96850K, capacity 99158K, committed 99404K, reserved 1134592K
  class space    used 12393K, capacity 13315K, committed 13440K, reserved 1048576K
}
Event: 13.215 GC heap after
{Heap after GC invocations=36 (full 0):
 garbage-first heap   total 270336K, used 204778K [0x0000000080000000, 0x0000000100000000)
  region size 1024K, 2 young (2048K), 2 survivors (2048K)
 Metaspace       used 96850K, capacity 99158K, committed 99404K, reserved 1134592K
  class space    used 12393K, capacity 13315K, committed 13440K, reserved 1048576K
}
Event: 13.230 GC heap before
{Heap before GC invocations=36 (full 0):
 garbage-first heap   total 270336K, used 267242K [0x0000000080000000, 0x0000000100000000)
  region size 1024K, 20 young (20480K), 2 survivors (2048K)
 Metaspace       used 96855K, capacity 99158K, committed 99404K, reserved 1134592K
  class space    used 12393K, capacity 13315K, committed 13440K, reserved 1048576K
}
Event: 13.236 GC heap after
{Heap after GC invocations=37 (full 0):
 garbage-first heap   total 336896K, used 237341K [0x0000000080000000, 0x0000000100000000)
  region size 1024K, 3 young (3072K), 3 survivors (3072K)
 Metaspace       used 96855K, capacity 99158K, committed 99404K, reserved 1134592K
  class space    used 12393K, capacity 13315K, committed 13440K, reserved 1048576K
}
Event: 13.513 GC heap before
{Heap before GC invocations=38 (full 0):
 garbage-first heap   total 336896K, used 304924K [0x0000000080000000, 0x0000000100000000)
  region size 1024K, 34 young (34816K), 3 survivors (3072K)
 Metaspace       used 97103K, capacity 99425K, committed 99660K, reserved 1136640K
  class space    used 12418K, capacity 13318K, committed 13440K, reserved 1048576K
}
Event: 13.524 GC heap after
{Heap after GC invocations=39 (full 0):
 garbage-first heap   total 336896K, used 270410K [0x0000000080000000, 0x0000000100000000)
  region size 1024K, 5 young (5120K), 5 survivors (5120K)
 Metaspace       used 97103K, capacity 99425K, committed 99660K, reserved 1136640K
  class space    used 12418K, capacity 13318K, committed 13440K, reserved 1048576K
}
Event: 13.572 GC heap before
{Heap before GC invocations=39 (full 0):
 garbage-first heap   total 336896K, used 285770K [0x0000000080000000, 0x0000000100000000)
  region size 1024K, 20 young (20480K), 5 survivors (5120K)
 Metaspace       used 97103K, capacity 99425K, committed 99660K, reserved 1136640K
  class space    used 12418K, capacity 13318K, committed 13440K, reserved 1048576K
}
Event: 13.582 GC heap after
{Heap after GC invocations=40 (full 0):
 garbage-first heap   total 336896K, used 276604K [0x0000000080000000, 0x0000000100000000)
  region size 1024K, 3 young (3072K), 3 survivors (3072K)
 Metaspace       used 97103K, capacity 99425K, committed 99660K, reserved 1136640K
  class space    used 12418K, capacity 13318K, committed 13440K, reserved 1048576K
}
Event: 13.632 GC heap before
{Heap before GC invocations=40 (full 0):
 garbage-first heap   total 336896K, used 289916K [0x0000000080000000, 0x0000000100000000)
  region size 1024K, 16 young (16384K), 3 survivors (3072K)
 Metaspace       used 97103K, capacity 99425K, committed 99660K, reserved 1136640K
  class space    used 12418K, capacity 13318K, committed 13440K, reserved 1048576K
}
Event: 13.641 GC heap after
{Heap after GC invocations=41 (full 0):
 garbage-first heap   total 336896K, used 282417K [0x0000000080000000, 0x0000000100000000)
  region size 1024K, 2 young (2048K), 2 survivors (2048K)
 Metaspace       used 97103K, capacity 99425K, committed 99660K, reserved 1136640K
  class space    used 12418K, capacity 13318K, committed 13440K, reserved 1048576K
}
Event: 13.707 GC heap before
{Heap before GC invocations=41 (full 0):
 garbage-first heap   total 336896K, used 296753K [0x0000000080000000, 0x0000000100000000)
  region size 1024K, 16 young (16384K), 2 survivors (2048K)
 Metaspace       used 97122K, capacity 99489K, committed 99660K, reserved 1136640K
  class space    used 12419K, capacity 13318K, committed 13440K, reserved 1048576K
}
Event: 13.717 GC heap after
{Heap after GC invocations=42 (full 0):
 garbage-first heap   total 336896K, used 289644K [0x0000000080000000, 0x0000000100000000)
  region size 1024K, 2 young (2048K), 2 survivors (2048K)
 Metaspace       used 97122K, capacity 99489K, committed 99660K, reserved 1136640K
  class space    used 12419K, capacity 13318K, committed 13440K, reserved 1048576K
}
Event: 13.763 GC heap before
{Heap before GC invocations=42 (full 0):
 garbage-first heap   total 336896K, used 302956K [0x0000000080000000, 0x0000000100000000)
  region size 1024K, 16 young (16384K), 2 survivors (2048K)
 Metaspace       used 97122K, capacity 99489K, committed 99660K, reserved 1136640K
  class space    used 12419K, capacity 13318K, committed 13440K, reserved 1048576K
}

