# JRE version: OpenJDK Runtime Environment (11.0.12+7) (build 11.0.12+7-b1504.28-7817840)
# Java VM: OpenJDK 64-Bit Server VM (11.0.12+7-b1504.28-7817840, mixed mode, tiered, compressed oops, g1 gc, windows-amd64)
Heap:
 garbage-first heap   total 271360K, used 170332K [0x0000000080000000, 0x0000000100000000)
  region size 1024K, 7 young (7168K), 7 survivors (7168K)
 Metaspace       used 95657K, capacity 97988K, committed 98380K, reserved 1134592K
  class space    used 12141K, capacity 13004K, committed 13132K, reserved 1048576K
GC Heap History (20 events):
Event: 14.549 GC heap after
{Heap after GC invocations=28 (full 0):
 garbage-first heap   total 187392K, used 109748K [0x0000000080000000, 0x0000000100000000)
  region size 1024K, 5 young (5120K), 5 survivors (5120K)
 Metaspace       used 90300K, capacity 92514K, committed 93004K, reserved 1130496K
  class space    used 11511K, capacity 12376K, committed 12620K, reserved 1048576K
}
Event: 15.120 GC heap before
{Heap before GC invocations=28 (full 0):
 garbage-first heap   total 187392K, used 153780K [0x0000000080000000, 0x0000000100000000)
  region size 1024K, 48 young (49152K), 5 survivors (5120K)
 Metaspace       used 90766K, capacity 93045K, committed 93516K, reserved 1130496K
  class space    used 11532K, capacity 12382K, committed 12620K, reserved 1048576K
}
Event: 15.132 GC heap after
{Heap after GC invocations=29 (full 0):
 garbage-first heap   total 187392K, used 111160K [0x0000000080000000, 0x0000000100000000)
  region size 1024K, 4 young (4096K), 4 survivors (4096K)
 Metaspace       used 90766K, capacity 93045K, committed 93516K, reserved 1130496K
  class space    used 11532K, capacity 12382K, committed 12620K, reserved 1048576K
}
Event: 15.419 GC heap before
{Heap before GC invocations=30 (full 0):
 garbage-first heap   total 187392K, used 135736K [0x0000000080000000, 0x0000000100000000)
  region size 1024K, 30 young (30720K), 4 survivors (4096K)
 Metaspace       used 91263K, capacity 93561K, committed 94028K, reserved 1130496K
  class space    used 11582K, capacity 12447K, committed 12620K, reserved 1048576K
}
Event: 15.425 GC heap after
{Heap after GC invocations=31 (full 0):
 garbage-first heap   total 187392K, used 111799K [0x0000000080000000, 0x0000000100000000)
  region size 1024K, 3 young (3072K), 3 survivors (3072K)
 Metaspace       used 91263K, capacity 93561K, committed 94028K, reserved 1130496K
  class space    used 11582K, capacity 12447K, committed 12620K, reserved 1048576K
}
Event: 15.891 GC heap before
{Heap before GC invocations=32 (full 0):
 garbage-first heap   total 187392K, used 151735K [0x0000000080000000, 0x0000000100000000)
  region size 1024K, 42 young (43008K), 3 survivors (3072K)
 Metaspace       used 93853K, capacity 96149K, committed 96716K, reserved 1132544K
  class space    used 11949K, capacity 12815K, committed 13004K, reserved 1048576K
}
Event: 15.894 GC heap after
{Heap after GC invocations=33 (full 0):
 garbage-first heap   total 187392K, used 111185K [0x0000000080000000, 0x0000000100000000)
  region size 1024K, 2 young (2048K), 2 survivors (2048K)
 Metaspace       used 93853K, capacity 96149K, committed 96716K, reserved 1132544K
  class space    used 11949K, capacity 12815K, committed 13004K, reserved 1048576K
}
Event: 16.327 GC heap before
{Heap before GC invocations=33 (full 0):
 garbage-first heap   total 187392K, used 153169K [0x0000000080000000, 0x0000000100000000)
  region size 1024K, 44 young (45056K), 2 survivors (2048K)
 Metaspace       used 95055K, capacity 97304K, committed 97868K, reserved 1134592K
  class space    used 12088K, capacity 12920K, committed 13132K, reserved 1048576K
}
Event: 16.333 GC heap after
{Heap after GC invocations=34 (full 0):
 garbage-first heap   total 187392K, used 114570K [0x0000000080000000, 0x0000000100000000)
  region size 1024K, 5 young (5120K), 5 survivors (5120K)
 Metaspace       used 95055K, capacity 97304K, committed 97868K, reserved 1134592K
  class space    used 12088K, capacity 12920K, committed 13132K, reserved 1048576K
}
Event: 16.505 GC heap before
{Heap before GC invocations=34 (full 0):
 garbage-first heap   total 187392K, used 154506K [0x0000000080000000, 0x0000000100000000)
  region size 1024K, 45 young (46080K), 5 survivors (5120K)
 Metaspace       used 95083K, capacity 97306K, committed 97868K, reserved 1134592K
  class space    used 12090K, capacity 12920K, committed 13132K, reserved 1048576K
}
Event: 16.512 GC heap after
{Heap after GC invocations=35 (full 0):
 garbage-first heap   total 187392K, used 116641K [0x0000000080000000, 0x0000000100000000)
  region size 1024K, 3 young (3072K), 3 survivors (3072K)
 Metaspace       used 95083K, capacity 97306K, committed 97868K, reserved 1134592K
  class space    used 12090K, capacity 12920K, committed 13132K, reserved 1048576K
}
Event: 16.635 GC heap before
{Heap before GC invocations=36 (full 0):
 garbage-first heap   total 187392K, used 155553K [0x0000000080000000, 0x0000000100000000)
  region size 1024K, 42 young (43008K), 3 survivors (3072K)
 Metaspace       used 95087K, capacity 97306K, committed 97868K, reserved 1134592K
  class space    used 12090K, capacity 12920K, committed 13132K, reserved 1048576K
}
Event: 16.656 GC heap after
{Heap after GC invocations=37 (full 0):
 garbage-first heap   total 225280K, used 118209K [0x0000000080000000, 0x0000000100000000)
  region size 1024K, 4 young (4096K), 4 survivors (4096K)
 Metaspace       used 95087K, capacity 97306K, committed 97868K, reserved 1134592K
  class space    used 12090K, capacity 12920K, committed 13132K, reserved 1048576K
}
Event: 16.909 GC heap before
{Heap before GC invocations=37 (full 0):
 garbage-first heap   total 225280K, used 176577K [0x0000000080000000, 0x0000000100000000)
  region size 1024K, 62 young (63488K), 4 survivors (4096K)
 Metaspace       used 95132K, capacity 97347K, committed 97868K, reserved 1134592K
  class space    used 12094K, capacity 12954K, committed 13132K, reserved 1048576K
}
Event: 16.915 GC heap after
{Heap after GC invocations=38 (full 0):
 garbage-first heap   total 225280K, used 121081K [0x0000000080000000, 0x0000000100000000)
  region size 1024K, 7 young (7168K), 7 survivors (7168K)
 Metaspace       used 95132K, capacity 97347K, committed 97868K, reserved 1134592K
  class space    used 12094K, capacity 12954K, committed 13132K, reserved 1048576K
}
Event: 17.242 GC heap before
{Heap before GC invocations=39 (full 0):
 garbage-first heap   total 225280K, used 179449K [0x0000000080000000, 0x0000000100000000)
  region size 1024K, 65 young (66560K), 7 survivors (7168K)
 Metaspace       used 95457K, capacity 97778K, committed 98124K, reserved 1134592K
  class space    used 12127K, capacity 13001K, committed 13132K, reserved 1048576K
}
Event: 17.251 GC heap after
{Heap after GC invocations=40 (full 0):
 garbage-first heap   total 225280K, used 123346K [0x0000000080000000, 0x0000000100000000)
  region size 1024K, 7 young (7168K), 7 survivors (7168K)
 Metaspace       used 95457K, capacity 97778K, committed 98124K, reserved 1134592K
  class space    used 12127K, capacity 13001K, committed 13132K, reserved 1048576K
}
Event: 17.285 GC heap before
{Heap before GC invocations=40 (full 0):
 garbage-first heap   total 225280K, used 132562K [0x0000000080000000, 0x0000000100000000)
  region size 1024K, 18 young (18432K), 7 survivors (7168K)
 Metaspace       used 95551K, capacity 97860K, committed 98124K, reserved 1134592K
  class space    used 12134K, capacity 13004K, committed 13132K, reserved 1048576K
}
Event: 17.291 GC heap after
{Heap after GC invocations=41 (full 0):
 garbage-first heap   total 225280K, used 124158K [0x0000000080000000, 0x0000000100000000)
  region size 1024K, 4 young (4096K), 4 survivors (4096K)
 Metaspace       used 95551K, capacity 97860K, committed 98124K, reserved 1134592K
  class space    used 12134K, capacity 13004K, committed 13132K, reserved 1048576K
}
Event: 17.541 GC heap before
{Heap before GC invocations=42 (full 0):
 garbage-first heap   total 225280K, used 188670K [0x0000000080000000, 0x0000000100000000)
  region size 1024K, 37 young (37888K), 4 survivors (4096K)
 Metaspace       used 95657K, capacity 97988K, committed 98380K, reserved 1134592K
  class space    used 12141K, capacity 13004K, committed 13132K, reserved 1048576K
}

