# JRE version: OpenJDK Runtime Environment (11.0.12+7) (build 11.0.12+7-b1504.28-7817840)
# Java VM: OpenJDK 64-Bit Server VM (11.0.12+7-b1504.28-7817840, mixed mode, tiered, compressed oops, g1 gc, windows-amd64)
Heap:
 garbage-first heap   total 429056K, used 291407K [0x0000000080000000, 0x0000000100000000)
  region size 1024K, 3 young (3072K), 3 survivors (3072K)
 Metaspace       used 97126K, capacity 99501K, committed 99660K, reserved 1136640K
  class space    used 12411K, capacity 13319K, committed 13440K, reserved 1048576K
GC Heap History (20 events):
Event: 13.723 GC heap after
{Heap after GC invocations=30 (full 0):
 garbage-first heap   total 225280K, used 117462K [0x0000000080000000, 0x0000000100000000)
  region size 1024K, 8 young (8192K), 8 survivors (8192K)
 Metaspace       used 91161K, capacity 93438K, committed 93772K, reserved 1130496K
  class space    used 11640K, capacity 12493K, committed 12672K, reserved 1048576K
}
Event: 14.098 GC heap before
{Heap before GC invocations=31 (full 0):
 garbage-first heap   total 225280K, used 186070K [0x0000000080000000, 0x0000000100000000)
  region size 1024K, 76 young (77824K), 8 survivors (8192K)
 Metaspace       used 92999K, capacity 95295K, committed 95564K, reserved 1132544K
  class space    used 11880K, capacity 12749K, committed 12928K, reserved 1048576K
}
Event: 14.106 GC heap after
{Heap after GC invocations=32 (full 0):
 garbage-first heap   total 225280K, used 120350K [0x0000000080000000, 0x0000000100000000)
  region size 1024K, 7 young (7168K), 7 survivors (7168K)
 Metaspace       used 92999K, capacity 95295K, committed 95564K, reserved 1132544K
  class space    used 11880K, capacity 12749K, committed 12928K, reserved 1048576K
}
Event: 14.445 GC heap before
{Heap before GC invocations=32 (full 0):
 garbage-first heap   total 225280K, used 188958K [0x0000000080000000, 0x0000000100000000)
  region size 1024K, 75 young (76800K), 7 survivors (7168K)
 Metaspace       used 93603K, capacity 95907K, committed 96332K, reserved 1132544K
  class space    used 11927K, capacity 12782K, committed 12928K, reserved 1048576K
}
Event: 14.458 GC heap after
{Heap after GC invocations=33 (full 0):
 garbage-first heap   total 270336K, used 124745K [0x0000000080000000, 0x0000000100000000)
  region size 1024K, 8 young (8192K), 8 survivors (8192K)
 Metaspace       used 93603K, capacity 95907K, committed 96332K, reserved 1132544K
  class space    used 11927K, capacity 12782K, committed 12928K, reserved 1048576K
}
Event: 15.038 GC heap before
{Heap before GC invocations=34 (full 0):
 garbage-first heap   total 270336K, used 218953K [0x0000000080000000, 0x0000000100000000)
  region size 1024K, 101 young (103424K), 8 survivors (8192K)
 Metaspace       used 94219K, capacity 96590K, committed 96972K, reserved 1132544K
  class space    used 12003K, capacity 12903K, committed 13056K, reserved 1048576K
}
Event: 15.046 GC heap after
{Heap after GC invocations=35 (full 0):
 garbage-first heap   total 270336K, used 128333K [0x0000000080000000, 0x0000000100000000)
  region size 1024K, 9 young (9216K), 9 survivors (9216K)
 Metaspace       used 94219K, capacity 96590K, committed 96972K, reserved 1132544K
  class space    used 12003K, capacity 12903K, committed 13056K, reserved 1048576K
}
Event: 15.083 GC heap before
{Heap before GC invocations=35 (full 0):
 garbage-first heap   total 270336K, used 134477K [0x0000000080000000, 0x0000000100000000)
  region size 1024K, 15 young (15360K), 9 survivors (9216K)
 Metaspace       used 94332K, capacity 96634K, committed 96972K, reserved 1132544K
  class space    used 12013K, capacity 12937K, committed 13056K, reserved 1048576K
}
Event: 15.091 GC heap after
{Heap after GC invocations=36 (full 0):
 garbage-first heap   total 270336K, used 131277K [0x0000000080000000, 0x0000000100000000)
  region size 1024K, 5 young (5120K), 5 survivors (5120K)
 Metaspace       used 94332K, capacity 96634K, committed 96972K, reserved 1132544K
  class space    used 12013K, capacity 12937K, committed 13056K, reserved 1048576K
}
Event: 15.379 GC heap before
{Heap before GC invocations=37 (full 0):
 garbage-first heap   total 270336K, used 193741K [0x0000000080000000, 0x0000000100000000)
  region size 1024K, 38 young (38912K), 5 survivors (5120K)
 Metaspace       used 94351K, capacity 96699K, committed 96972K, reserved 1132544K
  class space    used 12014K, capacity 12937K, committed 13056K, reserved 1048576K
}
Event: 15.388 GC heap after
{Heap after GC invocations=38 (full 0):
 garbage-first heap   total 270336K, used 174562K [0x0000000080000000, 0x0000000100000000)
  region size 1024K, 12 young (12288K), 12 survivors (12288K)
 Metaspace       used 94351K, capacity 96699K, committed 96972K, reserved 1132544K
  class space    used 12014K, capacity 12937K, committed 13056K, reserved 1048576K
}
Event: 15.718 GC heap before
{Heap before GC invocations=39 (full 0):
 garbage-first heap   total 270336K, used 205282K [0x0000000080000000, 0x0000000100000000)
  region size 1024K, 28 young (28672K), 12 survivors (12288K)
 Metaspace       used 96858K, capacity 99232K, committed 99404K, reserved 1134592K
  class space    used 12384K, capacity 13315K, committed 13440K, reserved 1048576K
}
Event: 15.728 GC heap after
{Heap after GC invocations=40 (full 0):
 garbage-first heap   total 324608K, used 197565K [0x0000000080000000, 0x0000000100000000)
  region size 1024K, 6 young (6144K), 6 survivors (6144K)
 Metaspace       used 96858K, capacity 99232K, committed 99404K, reserved 1134592K
  class space    used 12384K, capacity 13315K, committed 13440K, reserved 1048576K
}
Event: 15.841 GC heap before
{Heap before GC invocations=40 (full 0):
 garbage-first heap   total 332800K, used 330685K [0x0000000080000000, 0x0000000100000000)
  region size 1024K, 41 young (41984K), 6 survivors (6144K)
 Metaspace       used 96903K, capacity 99232K, committed 99404K, reserved 1134592K
  class space    used 12387K, capacity 13315K, committed 13440K, reserved 1048576K
}
Event: 15.850 GC heap after
{Heap after GC invocations=41 (full 0):
 garbage-first heap   total 359424K, used 267360K [0x0000000080000000, 0x0000000100000000)
  region size 1024K, 7 young (7168K), 7 survivors (7168K)
 Metaspace       used 96903K, capacity 99232K, committed 99404K, reserved 1134592K
  class space    used 12387K, capacity 13315K, committed 13440K, reserved 1048576K
}
Event: 16.075 GC heap before
{Heap before GC invocations=42 (full 0):
 garbage-first heap   total 359424K, used 292960K [0x0000000080000000, 0x0000000100000000)
  region size 1024K, 33 young (33792K), 7 survivors (7168K)
 Metaspace       used 97108K, capacity 99437K, committed 99660K, reserved 1136640K
  class space    used 12410K, capacity 13319K, committed 13440K, reserved 1048576K
}
Event: 16.085 GC heap after
{Heap after GC invocations=43 (full 0):
 garbage-first heap   total 359424K, used 278153K [0x0000000080000000, 0x0000000100000000)
  region size 1024K, 5 young (5120K), 5 survivors (5120K)
 Metaspace       used 97108K, capacity 99437K, committed 99660K, reserved 1136640K
  class space    used 12410K, capacity 13319K, committed 13440K, reserved 1048576K
}
Event: 16.129 GC heap before
{Heap before GC invocations=43 (full 0):
 garbage-first heap   total 359424K, used 287369K [0x0000000080000000, 0x0000000100000000)
  region size 1024K, 16 young (16384K), 5 survivors (5120K)
 Metaspace       used 97108K, capacity 99437K, committed 99660K, reserved 1136640K
  class space    used 12410K, capacity 13319K, committed 13440K, reserved 1048576K
}
Event: 16.139 GC heap after
{Heap after GC invocations=44 (full 0):
 garbage-first heap   total 359424K, used 282417K [0x0000000080000000, 0x0000000100000000)
  region size 1024K, 4 young (4096K), 4 survivors (4096K)
 Metaspace       used 97108K, capacity 99437K, committed 99660K, reserved 1136640K
  class space    used 12410K, capacity 13319K, committed 13440K, reserved 1048576K
}
Event: 16.215 GC heap before
{Heap before GC invocations=44 (full 0):
 garbage-first heap   total 359424K, used 301873K [0x0000000080000000, 0x0000000100000000)
  region size 1024K, 21 young (21504K), 4 survivors (4096K)
 Metaspace       used 97126K, capacity 99501K, committed 99660K, reserved 1136640K
  class space    used 12411K, capacity 13319K, committed 13440K, reserved 1048576K
}

