# JRE version: OpenJDK Runtime Environment (11.0.12+7) (build 11.0.12+7-b1504.28-7817840)
# Java VM: OpenJDK 64-Bit Server VM (11.0.12+7-b1504.28-7817840, mixed mode, tiered, compressed oops, g1 gc, windows-amd64)
Heap:
 garbage-first heap   total 282624K, used 130388K [0x0000000080000000, 0x0000000100000000)
  region size 1024K, 6 young (6144K), 6 survivors (6144K)
 Metaspace       used 94356K, capacity 96700K, committed 97024K, reserved 1132544K
  class space    used 12019K, capacity 12940K, committed 13056K, reserved 1048576K
GC Heap History (20 events):
Event: 15.179 GC heap after
{Heap after GC invocations=30 (full 0):
 garbage-first heap   total 187392K, used 106454K [0x0000000080000000, 0x0000000100000000)
  region size 1024K, 6 young (6144K), 6 survivors (6144K)
 Metaspace       used 89271K, capacity 91428K, committed 91648K, reserved 1128448K
  class space    used 11378K, capacity 12215K, committed 12288K, reserved 1048576K
}
Event: 15.528 GC heap before
{Heap before GC invocations=30 (full 0):
 garbage-first heap   total 187392K, used 153558K [0x0000000080000000, 0x0000000100000000)
  region size 1024K, 53 young (54272K), 6 survivors (6144K)
 Metaspace       used 89461K, capacity 91670K, committed 91904K, reserved 1128448K
  class space    used 11407K, capacity 12229K, committed 12288K, reserved 1048576K
}
Event: 15.539 GC heap after
{Heap after GC invocations=31 (full 0):
 garbage-first heap   total 187392K, used 109138K [0x0000000080000000, 0x0000000100000000)
  region size 1024K, 3 young (3072K), 3 survivors (3072K)
 Metaspace       used 89461K, capacity 91670K, committed 91904K, reserved 1128448K
  class space    used 11407K, capacity 12229K, committed 12288K, reserved 1048576K
}
Event: 15.744 GC heap before
{Heap before GC invocations=32 (full 0):
 garbage-first heap   total 187392K, used 133714K [0x0000000080000000, 0x0000000100000000)
  region size 1024K, 29 young (29696K), 3 survivors (3072K)
 Metaspace       used 89489K, capacity 91675K, committed 91904K, reserved 1128448K
  class space    used 11408K, capacity 12230K, committed 12288K, reserved 1048576K
}
Event: 15.750 GC heap after
{Heap after GC invocations=33 (full 0):
 garbage-first heap   total 187392K, used 110155K [0x0000000080000000, 0x0000000100000000)
  region size 1024K, 4 young (4096K), 4 survivors (4096K)
 Metaspace       used 89489K, capacity 91675K, committed 91904K, reserved 1128448K
  class space    used 11408K, capacity 12230K, committed 12288K, reserved 1048576K
}
Event: 16.007 GC heap before
{Heap before GC invocations=34 (full 0):
 garbage-first heap   total 187392K, used 151115K [0x0000000080000000, 0x0000000100000000)
  region size 1024K, 44 young (45056K), 4 survivors (4096K)
 Metaspace       used 89611K, capacity 91893K, committed 92160K, reserved 1128448K
  class space    used 11429K, capacity 12275K, committed 12288K, reserved 1048576K
}
Event: 16.012 GC heap after
{Heap after GC invocations=35 (full 0):
 garbage-first heap   total 187392K, used 114006K [0x0000000080000000, 0x0000000100000000)
  region size 1024K, 6 young (6144K), 6 survivors (6144K)
 Metaspace       used 89611K, capacity 91893K, committed 92160K, reserved 1128448K
  class space    used 11429K, capacity 12275K, committed 12288K, reserved 1048576K
}
Event: 16.127 GC heap before
{Heap before GC invocations=35 (full 0):
 garbage-first heap   total 187392K, used 151894K [0x0000000080000000, 0x0000000100000000)
  region size 1024K, 44 young (45056K), 6 survivors (6144K)
 Metaspace       used 89615K, capacity 91893K, committed 92160K, reserved 1128448K
  class space    used 11429K, capacity 12275K, committed 12288K, reserved 1048576K
}
Event: 16.136 GC heap after
{Heap after GC invocations=36 (full 0):
 garbage-first heap   total 187392K, used 115978K [0x0000000080000000, 0x0000000100000000)
  region size 1024K, 3 young (3072K), 3 survivors (3072K)
 Metaspace       used 89615K, capacity 91893K, committed 92160K, reserved 1128448K
  class space    used 11429K, capacity 12275K, committed 12288K, reserved 1048576K
}
Event: 16.445 GC heap before
{Heap before GC invocations=37 (full 0):
 garbage-first heap   total 187392K, used 153866K [0x0000000080000000, 0x0000000100000000)
  region size 1024K, 41 young (41984K), 3 survivors (3072K)
 Metaspace       used 90684K, capacity 92922K, committed 93184K, reserved 1130496K
  class space    used 11581K, capacity 12431K, committed 12544K, reserved 1048576K
}
Event: 16.450 GC heap after
{Heap after GC invocations=38 (full 0):
 garbage-first heap   total 187392K, used 117535K [0x0000000080000000, 0x0000000100000000)
  region size 1024K, 4 young (4096K), 4 survivors (4096K)
 Metaspace       used 90684K, capacity 92922K, committed 93184K, reserved 1130496K
  class space    used 11581K, capacity 12431K, committed 12544K, reserved 1048576K
}
Event: 16.590 GC heap before
{Heap before GC invocations=38 (full 0):
 garbage-first heap   total 187392K, used 155423K [0x0000000080000000, 0x0000000100000000)
  region size 1024K, 42 young (43008K), 4 survivors (4096K)
 Metaspace       used 91409K, capacity 93663K, committed 93696K, reserved 1130496K
  class space    used 11684K, capacity 12528K, committed 12544K, reserved 1048576K
}
Event: 16.598 GC heap after
{Heap after GC invocations=39 (full 0):
 garbage-first heap   total 225280K, used 119169K [0x0000000080000000, 0x0000000100000000)
  region size 1024K, 4 young (4096K), 4 survivors (4096K)
 Metaspace       used 91409K, capacity 93663K, committed 93696K, reserved 1130496K
  class space    used 11684K, capacity 12528K, committed 12544K, reserved 1048576K
}
Event: 16.992 GC heap before
{Heap before GC invocations=40 (full 0):
 garbage-first heap   total 225280K, used 179585K [0x0000000080000000, 0x0000000100000000)
  region size 1024K, 64 young (65536K), 4 survivors (4096K)
 Metaspace       used 93371K, capacity 95616K, committed 95744K, reserved 1132544K
  class space    used 11914K, capacity 12752K, committed 12800K, reserved 1048576K
}
Event: 17.005 GC heap after
{Heap after GC invocations=41 (full 0):
 garbage-first heap   total 225280K, used 122325K [0x0000000080000000, 0x0000000100000000)
  region size 1024K, 7 young (7168K), 7 survivors (7168K)
 Metaspace       used 93371K, capacity 95616K, committed 95744K, reserved 1132544K
  class space    used 11914K, capacity 12752K, committed 12800K, reserved 1048576K
}
Event: 17.345 GC heap before
{Heap before GC invocations=41 (full 0):
 garbage-first heap   total 225280K, used 181717K [0x0000000080000000, 0x0000000100000000)
  region size 1024K, 66 young (67584K), 7 survivors (7168K)
 Metaspace       used 93887K, capacity 96219K, committed 96384K, reserved 1132544K
  class space    used 11973K, capacity 12892K, committed 12928K, reserved 1048576K
}
Event: 17.355 GC heap after
{Heap after GC invocations=42 (full 0):
 garbage-first heap   total 225280K, used 125676K [0x0000000080000000, 0x0000000100000000)
  region size 1024K, 7 young (7168K), 7 survivors (7168K)
 Metaspace       used 93887K, capacity 96219K, committed 96384K, reserved 1132544K
  class space    used 11973K, capacity 12892K, committed 12928K, reserved 1048576K
}
Event: 17.767 GC heap before
{Heap before GC invocations=43 (full 0):
 garbage-first heap   total 225280K, used 184044K [0x0000000080000000, 0x0000000100000000)
  region size 1024K, 65 young (66560K), 7 survivors (7168K)
 Metaspace       used 93998K, capacity 96366K, committed 96640K, reserved 1132544K
  class space    used 11985K, capacity 12898K, committed 12928K, reserved 1048576K
}
Event: 17.776 GC heap after
{Heap after GC invocations=44 (full 0):
 garbage-first heap   total 225280K, used 127930K [0x0000000080000000, 0x0000000100000000)
  region size 1024K, 6 young (6144K), 6 survivors (6144K)
 Metaspace       used 93998K, capacity 96366K, committed 96640K, reserved 1132544K
  class space    used 11985K, capacity 12898K, committed 12928K, reserved 1048576K
}
Event: 18.075 GC heap before
{Heap before GC invocations=44 (full 0):
 garbage-first heap   total 225280K, used 179130K [0x0000000080000000, 0x0000000100000000)
  region size 1024K, 58 young (59392K), 6 survivors (6144K)
 Metaspace       used 94356K, capacity 96700K, committed 97024K, reserved 1132544K
  class space    used 12019K, capacity 12940K, committed 13056K, reserved 1048576K
}

